# JRE version: OpenJDK Runtime Environment (17.0.6) (build 17.0.6+0-b2043.56-9586694)
# Java VM: OpenJDK 64-Bit Server VM (17.0.6+0-b2043.56-9586694, mixed mode, tiered, compressed oops, compressed class ptrs, g1 gc, windows-amd64)
GC Precious Log:
 CPUs: 12 total, 12 available
 Memory: 8043M
 Large Page Support: Disabled
 NUMA Support: Disabled
 Compressed Oops: Enabled (32-bit)
 Heap Region Size: 1M
 Heap Min Capacity: 8M
 Heap Initial Capacity: 126M
 Heap Max Capacity: 2G
 Pre-touch: Disabled
 Parallel Workers: 10
 Concurrent Workers: 3
 Concurrent Refinement Workers: 10
 Periodic GC: Disabled
Heap:
 garbage-first heap   total 157696K, used 50967K [0x0000000080000000, 0x0000000100000000)
  region size 1024K, 8 young (8192K), 1 survivors (1024K)
 Metaspace       used 60514K, committed 60992K, reserved 1105920K
  class space    used 8029K, committed 8256K, reserved 1048576K
GC Heap History (20 events):
Event: 2.257 GC heap before
{Heap before GC invocations=5 (full 0):
 garbage-first heap   total 68608K, used 21346K [0x0000000080000000, 0x0000000100000000)
  region size 1024K, 4 young (4096K), 3 survivors (3072K)
 Metaspace       used 26490K, committed 26816K, reserved 1073152K
  class space    used 3492K, committed 3648K, reserved 1048576K
}
Event: 2.260 GC heap after
{Heap after GC invocations=6 (full 0):
 garbage-first heap   total 68608K, used 20628K [0x0000000080000000, 0x0000000100000000)
  region size 1024K, 1 young (1024K), 1 survivors (1024K)
 Metaspace       used 26490K, committed 26816K, reserved 1073152K
  class space    used 3492K, committed 3648K, reserved 1048576K
}
Event: 2.616 GC heap before
{Heap before GC invocations=6 (full 0):
 garbage-first heap   total 68608K, used 47252K [0x0000000080000000, 0x0000000100000000)
  region size 1024K, 27 young (27648K), 1 survivors (1024K)
 Metaspace       used 30544K, committed 30848K, reserved 1081344K
  class space    used 4155K, committed 4288K, reserved 1048576K
}
Event: 2.618 GC heap after
{Heap after GC invocations=7 (full 0):
 garbage-first heap   total 109568K, used 21698K [0x0000000080000000, 0x0000000100000000)
  region size 1024K, 2 young (2048K), 2 survivors (2048K)
 Metaspace       used 30544K, committed 30848K, reserved 1081344K
  class space    used 4155K, committed 4288K, reserved 1048576K
}
Event: 3.055 GC heap before
{Heap before GC invocations=7 (full 0):
 garbage-first heap   total 109568K, used 50370K [0x0000000080000000, 0x0000000100000000)
  region size 1024K, 31 young (31744K), 2 survivors (2048K)
 Metaspace       used 35613K, committed 35968K, reserved 1081344K
  class space    used 4876K, committed 5056K, reserved 1048576K
}
Event: 3.058 GC heap after
{Heap after GC invocations=8 (full 0):
 garbage-first heap   total 109568K, used 23843K [0x0000000080000000, 0x0000000100000000)
  region size 1024K, 4 young (4096K), 4 survivors (4096K)
 Metaspace       used 35613K, committed 35968K, reserved 1081344K
  class space    used 4876K, committed 5056K, reserved 1048576K
}
Event: 3.603 GC heap before
{Heap before GC invocations=9 (full 0):
 garbage-first heap   total 86016K, used 72995K [0x0000000080000000, 0x0000000100000000)
  region size 1024K, 50 young (51200K), 4 survivors (4096K)
 Metaspace       used 42524K, committed 42816K, reserved 1089536K
  class space    used 5562K, committed 5696K, reserved 1048576K
}
Event: 3.609 GC heap after
{Heap after GC invocations=10 (full 0):
 garbage-first heap   total 86016K, used 29011K [0x0000000080000000, 0x0000000100000000)
  region size 1024K, 7 young (7168K), 7 survivors (7168K)
 Metaspace       used 42524K, committed 42816K, reserved 1089536K
  class space    used 5562K, committed 5696K, reserved 1048576K
}
Event: 3.617 GC heap before
{Heap before GC invocations=10 (full 0):
 garbage-first heap   total 86016K, used 30035K [0x0000000080000000, 0x0000000100000000)
  region size 1024K, 8 young (8192K), 7 survivors (7168K)
 Metaspace       used 42549K, committed 42880K, reserved 1089536K
  class space    used 5566K, committed 5696K, reserved 1048576K
}
Event: 3.621 GC heap after
{Heap after GC invocations=11 (full 0):
 garbage-first heap   total 86016K, used 29994K [0x0000000080000000, 0x0000000100000000)
  region size 1024K, 1 young (1024K), 1 survivors (1024K)
 Metaspace       used 42549K, committed 42880K, reserved 1089536K
  class space    used 5566K, committed 5696K, reserved 1048576K
}
Event: 4.046 GC heap before
{Heap before GC invocations=11 (full 0):
 garbage-first heap   total 86016K, used 64810K [0x0000000080000000, 0x0000000100000000)
  region size 1024K, 35 young (35840K), 1 survivors (1024K)
 Metaspace       used 46837K, committed 47232K, reserved 1097728K
  class space    used 6127K, committed 6336K, reserved 1048576K
}
Event: 4.048 GC heap after
{Heap after GC invocations=12 (full 0):
 garbage-first heap   total 86016K, used 31748K [0x0000000080000000, 0x0000000100000000)
  region size 1024K, 3 young (3072K), 3 survivors (3072K)
 Metaspace       used 46837K, committed 47232K, reserved 1097728K
  class space    used 6127K, committed 6336K, reserved 1048576K
}
Event: 4.562 GC heap before
{Heap before GC invocations=12 (full 0):
 garbage-first heap   total 86016K, used 65540K [0x0000000080000000, 0x0000000100000000)
  region size 1024K, 36 young (36864K), 3 survivors (3072K)
 Metaspace       used 50845K, committed 51264K, reserved 1097728K
  class space    used 6743K, committed 6912K, reserved 1048576K
}
Event: 4.565 GC heap after
{Heap after GC invocations=13 (full 0):
 garbage-first heap   total 86016K, used 33871K [0x0000000080000000, 0x0000000100000000)
  region size 1024K, 5 young (5120K), 5 survivors (5120K)
 Metaspace       used 50845K, committed 51264K, reserved 1097728K
  class space    used 6743K, committed 6912K, reserved 1048576K
}
Event: 5.064 GC heap before
{Heap before GC invocations=13 (full 0):
 garbage-first heap   total 86016K, used 67663K [0x0000000080000000, 0x0000000100000000)
  region size 1024K, 37 young (37888K), 5 survivors (5120K)
 Metaspace       used 51883K, committed 52288K, reserved 1097728K
  class space    used 6855K, committed 7040K, reserved 1048576K
}
Event: 5.068 GC heap after
{Heap after GC invocations=14 (full 0):
 garbage-first heap   total 86016K, used 39125K [0x0000000080000000, 0x0000000100000000)
  region size 1024K, 5 young (5120K), 5 survivors (5120K)
 Metaspace       used 51883K, committed 52288K, reserved 1097728K
  class space    used 6855K, committed 7040K, reserved 1048576K
}
Event: 5.439 GC heap before
{Heap before GC invocations=14 (full 0):
 garbage-first heap   total 86016K, used 66773K [0x0000000080000000, 0x0000000100000000)
  region size 1024K, 32 young (32768K), 5 survivors (5120K)
 Metaspace       used 54990K, committed 55488K, reserved 1097728K
  class space    used 7286K, committed 7488K, reserved 1048576K
}
Event: 5.443 GC heap after
{Heap after GC invocations=15 (full 0):
 garbage-first heap   total 86016K, used 43990K [0x0000000080000000, 0x0000000100000000)
  region size 1024K, 4 young (4096K), 4 survivors (4096K)
 Metaspace       used 54990K, committed 55488K, reserved 1097728K
  class space    used 7286K, committed 7488K, reserved 1048576K
}
Event: 5.752 GC heap before
{Heap before GC invocations=15 (full 0):
 garbage-first heap   total 86016K, used 68566K [0x0000000080000000, 0x0000000100000000)
  region size 1024K, 28 young (28672K), 4 survivors (4096K)
 Metaspace       used 58835K, committed 59328K, reserved 1105920K
  class space    used 7787K, committed 8000K, reserved 1048576K
}
Event: 5.756 GC heap after
{Heap after GC invocations=16 (full 0):
 garbage-first heap   total 172032K, used 44823K [0x0000000080000000, 0x0000000100000000)
  region size 1024K, 1 young (1024K), 1 survivors (1024K)
 Metaspace       used 58835K, committed 59328K, reserved 1105920K
  class space    used 7787K, committed 8000K, reserved 1048576K
}

