# JRE version: OpenJDK Runtime Environment (17.0.6) (build 17.0.6+0-b2043.56-9586694)
# Java VM: OpenJDK 64-Bit Server VM (17.0.6+0-b2043.56-9586694, mixed mode, tiered, compressed oops, compressed class ptrs, g1 gc, windows-amd64)
GC Precious Log:
 CPUs: 12 total, 12 available
 Memory: 8043M
 Large Page Support: Disabled
 NUMA Support: Disabled
 Compressed Oops: Enabled (32-bit)
 Heap Region Size: 1M
 Heap Min Capacity: 8M
 Heap Initial Capacity: 126M
 Heap Max Capacity: 2G
 Pre-touch: Disabled
 Parallel Workers: 10
 Concurrent Workers: 3
 Concurrent Refinement Workers: 10
 Periodic GC: Disabled
Heap:
 garbage-first heap   total 186368K, used 97204K [0x0000000080000000, 0x0000000100000000)
  region size 1024K, 23 young (23552K), 9 survivors (9216K)
 Metaspace       used 86260K, committed 86912K, reserved 1130496K
  class space    used 11879K, committed 12160K, reserved 1048576K
GC Heap History (20 events):
Event: 5.514 GC heap before
{Heap before GC invocations=19 (full 0):
 garbage-first heap   total 104448K, used 78063K [0x0000000080000000, 0x0000000100000000)
  region size 1024K, 25 young (25600K), 2 survivors (2048K)
 Metaspace       used 63898K, committed 64384K, reserved 1105920K
  class space    used 8448K, committed 8640K, reserved 1048576K
}
Event: 5.516 GC heap after
{Heap after GC invocations=20 (full 0):
 garbage-first heap   total 104448K, used 50386K [0x0000000080000000, 0x0000000100000000)
  region size 1024K, 3 young (3072K), 3 survivors (3072K)
 Metaspace       used 63898K, committed 64384K, reserved 1105920K
  class space    used 8448K, committed 8640K, reserved 1048576K
}
Event: 5.538 GC heap before
{Heap before GC invocations=20 (full 0):
 garbage-first heap   total 104448K, used 51410K [0x0000000080000000, 0x0000000100000000)
  region size 1024K, 5 young (5120K), 3 survivors (3072K)
 Metaspace       used 64090K, committed 64576K, reserved 1105920K
  class space    used 8471K, committed 8640K, reserved 1048576K
}
Event: 5.541 GC heap after
{Heap after GC invocations=21 (full 0):
 garbage-first heap   total 104448K, used 50674K [0x0000000080000000, 0x0000000100000000)
  region size 1024K, 1 young (1024K), 1 survivors (1024K)
 Metaspace       used 64090K, committed 64576K, reserved 1105920K
  class space    used 8471K, committed 8640K, reserved 1048576K
}
Event: 5.761 GC heap before
{Heap before GC invocations=21 (full 0):
 garbage-first heap   total 104448K, used 75250K [0x0000000080000000, 0x0000000100000000)
  region size 1024K, 25 young (25600K), 1 survivors (1024K)
 Metaspace       used 66021K, committed 66560K, reserved 1114112K
  class space    used 8723K, committed 8960K, reserved 1048576K
}
Event: 5.763 GC heap after
{Heap after GC invocations=22 (full 0):
 garbage-first heap   total 104448K, used 52551K [0x0000000080000000, 0x0000000100000000)
  region size 1024K, 3 young (3072K), 3 survivors (3072K)
 Metaspace       used 66021K, committed 66560K, reserved 1114112K
  class space    used 8723K, committed 8960K, reserved 1048576K
}
Event: 5.990 GC heap before
{Heap before GC invocations=23 (full 0):
 garbage-first heap   total 104448K, used 77127K [0x0000000080000000, 0x0000000100000000)
  region size 1024K, 27 young (27648K), 3 survivors (3072K)
 Metaspace       used 67473K, committed 68096K, reserved 1114112K
  class space    used 8919K, committed 9216K, reserved 1048576K
}
Event: 5.994 GC heap after
{Heap after GC invocations=24 (full 0):
 garbage-first heap   total 104448K, used 54547K [0x0000000080000000, 0x0000000100000000)
  region size 1024K, 2 young (2048K), 2 survivors (2048K)
 Metaspace       used 67473K, committed 68096K, reserved 1114112K
  class space    used 8919K, committed 9216K, reserved 1048576K
}
Event: 6.009 GC heap before
{Heap before GC invocations=24 (full 0):
 garbage-first heap   total 104448K, used 57619K [0x0000000080000000, 0x0000000100000000)
  region size 1024K, 5 young (5120K), 2 survivors (2048K)
 Metaspace       used 67473K, committed 68096K, reserved 1114112K
  class space    used 8919K, committed 9216K, reserved 1048576K
}
Event: 6.012 GC heap after
{Heap after GC invocations=25 (full 0):
 garbage-first heap   total 186368K, used 54306K [0x0000000080000000, 0x0000000100000000)
  region size 1024K, 1 young (1024K), 1 survivors (1024K)
 Metaspace       used 67473K, committed 68096K, reserved 1114112K
  class space    used 8919K, committed 9216K, reserved 1048576K
}
Event: 6.744 GC heap before
{Heap before GC invocations=25 (full 0):
 garbage-first heap   total 186368K, used 124962K [0x0000000080000000, 0x0000000100000000)
  region size 1024K, 70 young (71680K), 1 survivors (1024K)
 Metaspace       used 73487K, committed 74048K, reserved 1114112K
  class space    used 9959K, committed 10240K, reserved 1048576K
}
Event: 6.748 GC heap after
{Heap after GC invocations=26 (full 0):
 garbage-first heap   total 186368K, used 58928K [0x0000000080000000, 0x0000000100000000)
  region size 1024K, 5 young (5120K), 5 survivors (5120K)
 Metaspace       used 73487K, committed 74048K, reserved 1114112K
  class space    used 9959K, committed 10240K, reserved 1048576K
}
Event: 7.624 GC heap before
{Heap before GC invocations=26 (full 0):
 garbage-first heap   total 186368K, used 138800K [0x0000000080000000, 0x0000000100000000)
  region size 1024K, 83 young (84992K), 5 survivors (5120K)
 Metaspace       used 81521K, committed 82112K, reserved 1122304K
  class space    used 11115K, committed 11392K, reserved 1048576K
}
Event: 7.631 GC heap after
{Heap after GC invocations=27 (full 0):
 garbage-first heap   total 186368K, used 65528K [0x0000000080000000, 0x0000000100000000)
  region size 1024K, 11 young (11264K), 11 survivors (11264K)
 Metaspace       used 81521K, committed 82112K, reserved 1122304K
  class space    used 11115K, committed 11392K, reserved 1048576K
}
Event: 8.165 GC heap before
{Heap before GC invocations=27 (full 0):
 garbage-first heap   total 186368K, used 139256K [0x0000000080000000, 0x0000000100000000)
  region size 1024K, 84 young (86016K), 11 survivors (11264K)
 Metaspace       used 84259K, committed 84864K, reserved 1122304K
  class space    used 11695K, committed 11968K, reserved 1048576K
}
Event: 8.176 GC heap after
{Heap after GC invocations=28 (full 0):
 garbage-first heap   total 186368K, used 75544K [0x0000000080000000, 0x0000000100000000)
  region size 1024K, 10 young (10240K), 10 survivors (10240K)
 Metaspace       used 84259K, committed 84864K, reserved 1122304K
  class space    used 11695K, committed 11968K, reserved 1048576K
}
Event: 8.538 GC heap before
{Heap before GC invocations=28 (full 0):
 garbage-first heap   total 186368K, used 141080K [0x0000000080000000, 0x0000000100000000)
  region size 1024K, 75 young (76800K), 10 survivors (10240K)
 Metaspace       used 84942K, committed 85568K, reserved 1130496K
  class space    used 11748K, committed 12032K, reserved 1048576K
}
Event: 8.546 GC heap after
{Heap after GC invocations=29 (full 0):
 garbage-first heap   total 186368K, used 81092K [0x0000000080000000, 0x0000000100000000)
  region size 1024K, 6 young (6144K), 6 survivors (6144K)
 Metaspace       used 84942K, committed 85568K, reserved 1130496K
  class space    used 11748K, committed 12032K, reserved 1048576K
}
Event: 8.856 GC heap before
{Heap before GC invocations=29 (full 0):
 garbage-first heap   total 186368K, used 144580K [0x0000000080000000, 0x0000000100000000)
  region size 1024K, 69 young (70656K), 6 survivors (6144K)
 Metaspace       used 85538K, committed 86144K, reserved 1130496K
  class space    used 11782K, committed 12032K, reserved 1048576K
}
Event: 8.862 GC heap after
{Heap after GC invocations=30 (full 0):
 garbage-first heap   total 186368K, used 83892K [0x0000000080000000, 0x0000000100000000)
  region size 1024K, 9 young (9216K), 9 survivors (9216K)
 Metaspace       used 85538K, committed 86144K, reserved 1130496K
  class space    used 11782K, committed 12032K, reserved 1048576K
}

