# JRE version: OpenJDK Runtime Environment (17.0.6) (build 17.0.6+0-b2043.56-9586694)
# Java VM: OpenJDK 64-Bit Server VM (17.0.6+0-b2043.56-9586694, mixed mode, tiered, compressed oops, compressed class ptrs, g1 gc, windows-amd64)
GC Precious Log:
 CPUs: 12 total, 12 available
 Memory: 8043M
 Large Page Support: Disabled
 NUMA Support: Disabled
 Compressed Oops: Enabled (32-bit)
 Heap Region Size: 1M
 Heap Min Capacity: 8M
 Heap Initial Capacity: 126M
 Heap Max Capacity: 2G
 Pre-touch: Disabled
 Parallel Workers: 10
 Concurrent Workers: 3
 Concurrent Refinement Workers: 10
 Periodic GC: Disabled
Heap:
 garbage-first heap   total 86016K, used 41347K [0x0000000080000000, 0x0000000100000000)
  region size 1024K, 10 young (10240K), 4 survivors (4096K)
 Metaspace       used 51723K, committed 52096K, reserved 1097728K
  class space    used 6872K, committed 7040K, reserved 1048576K
GC Heap History (20 events):
Event: 0.539 GC heap before
{Heap before GC invocations=0 (full 0):
 garbage-first heap   total 129024K, used 26624K [0x0000000080000000, 0x0000000100000000)
  region size 1024K, 23 young (23552K), 0 survivors (0K)
 Metaspace       used 10266K, committed 10432K, reserved 1064960K
  class space    used 1061K, committed 1152K, reserved 1048576K
}
Event: 0.543 GC heap after
{Heap after GC invocations=1 (full 0):
 garbage-first heap   total 129024K, used 10150K [0x0000000080000000, 0x0000000100000000)
  region size 1024K, 3 young (3072K), 3 survivors (3072K)
 Metaspace       used 10266K, committed 10432K, reserved 1064960K
  class space    used 1061K, committed 1152K, reserved 1048576K
}
Event: 0.826 GC heap before
{Heap before GC invocations=1 (full 0):
 garbage-first heap   total 129024K, used 40870K [0x0000000080000000, 0x0000000100000000)
  region size 1024K, 32 young (32768K), 3 survivors (3072K)
 Metaspace       used 11215K, committed 11456K, reserved 1064960K
  class space    used 1164K, committed 1280K, reserved 1048576K
}
Event: 0.830 GC heap after
{Heap after GC invocations=2 (full 0):
 garbage-first heap   total 129024K, used 14591K [0x0000000080000000, 0x0000000100000000)
  region size 1024K, 4 young (4096K), 4 survivors (4096K)
 Metaspace       used 11215K, committed 11456K, reserved 1064960K
  class space    used 1164K, committed 1280K, reserved 1048576K
}
Event: 1.539 GC heap before
{Heap before GC invocations=2 (full 0):
 garbage-first heap   total 129024K, used 52479K [0x0000000080000000, 0x0000000100000000)
  region size 1024K, 42 young (43008K), 4 survivors (4096K)
 Metaspace       used 21240K, committed 21504K, reserved 1073152K
  class space    used 2581K, committed 2752K, reserved 1048576K
}
Event: 1.543 GC heap after
{Heap after GC invocations=3 (full 0):
 garbage-first heap   total 129024K, used 18771K [0x0000000080000000, 0x0000000100000000)
  region size 1024K, 9 young (9216K), 9 survivors (9216K)
 Metaspace       used 21240K, committed 21504K, reserved 1073152K
  class space    used 2581K, committed 2752K, reserved 1048576K
}
Event: 1.940 GC heap before
{Heap before GC invocations=4 (full 0):
 garbage-first heap   total 71680K, used 52563K [0x0000000080000000, 0x0000000100000000)
  region size 1024K, 42 young (43008K), 9 survivors (9216K)
 Metaspace       used 26594K, committed 26880K, reserved 1073152K
  class space    used 3504K, committed 3648K, reserved 1048576K
}
Event: 1.944 GC heap after
{Heap after GC invocations=5 (full 0):
 garbage-first heap   total 71680K, used 20528K [0x0000000080000000, 0x0000000100000000)
  region size 1024K, 3 young (3072K), 3 survivors (3072K)
 Metaspace       used 26594K, committed 26880K, reserved 1073152K
  class space    used 3504K, committed 3648K, reserved 1048576K
}
Event: 2.262 GC heap before
{Heap before GC invocations=5 (full 0):
 garbage-first heap   total 71680K, used 48176K [0x0000000080000000, 0x0000000100000000)
  region size 1024K, 30 young (30720K), 3 survivors (3072K)
 Metaspace       used 30696K, committed 30976K, reserved 1081344K
  class space    used 4186K, committed 4288K, reserved 1048576K
}
Event: 2.265 GC heap after
{Heap after GC invocations=6 (full 0):
 garbage-first heap   total 71680K, used 21983K [0x0000000080000000, 0x0000000100000000)
  region size 1024K, 4 young (4096K), 4 survivors (4096K)
 Metaspace       used 30696K, committed 30976K, reserved 1081344K
  class space    used 4186K, committed 4288K, reserved 1048576K
}
Event: 2.581 GC heap before
{Heap before GC invocations=6 (full 0):
 garbage-first heap   total 71680K, used 48607K [0x0000000080000000, 0x0000000100000000)
  region size 1024K, 31 young (31744K), 4 survivors (4096K)
 Metaspace       used 35607K, committed 35968K, reserved 1081344K
  class space    used 4876K, committed 5056K, reserved 1048576K
}
Event: 2.585 GC heap after
{Heap after GC invocations=7 (full 0):
 garbage-first heap   total 71680K, used 23956K [0x0000000080000000, 0x0000000100000000)
  region size 1024K, 4 young (4096K), 4 survivors (4096K)
 Metaspace       used 35607K, committed 35968K, reserved 1081344K
  class space    used 4876K, committed 5056K, reserved 1048576K
}
Event: 2.832 GC heap before
{Heap before GC invocations=8 (full 0):
 garbage-first heap   total 71680K, used 51604K [0x0000000080000000, 0x0000000100000000)
  region size 1024K, 32 young (32768K), 4 survivors (4096K)
 Metaspace       used 40377K, committed 40704K, reserved 1089536K
  class space    used 5355K, committed 5504K, reserved 1048576K
}
Event: 2.837 GC heap after
{Heap after GC invocations=9 (full 0):
 garbage-first heap   total 86016K, used 27856K [0x0000000080000000, 0x0000000100000000)
  region size 1024K, 4 young (4096K), 4 survivors (4096K)
 Metaspace       used 40377K, committed 40704K, reserved 1089536K
  class space    used 5355K, committed 5504K, reserved 1048576K
}
Event: 3.164 GC heap before
{Heap before GC invocations=9 (full 0):
 garbage-first heap   total 86016K, used 66768K [0x0000000080000000, 0x0000000100000000)
  region size 1024K, 39 young (39936K), 4 survivors (4096K)
 Metaspace       used 43601K, committed 43968K, reserved 1089536K
  class space    used 5730K, committed 5888K, reserved 1048576K
}
Event: 3.169 GC heap after
{Heap after GC invocations=10 (full 0):
 garbage-first heap   total 86016K, used 31940K [0x0000000080000000, 0x0000000100000000)
  region size 1024K, 5 young (5120K), 5 survivors (5120K)
 Metaspace       used 43601K, committed 43968K, reserved 1089536K
  class space    used 5730K, committed 5888K, reserved 1048576K
}
Event: 3.537 GC heap before
{Heap before GC invocations=10 (full 0):
 garbage-first heap   total 86016K, used 65732K [0x0000000080000000, 0x0000000100000000)
  region size 1024K, 37 young (37888K), 5 survivors (5120K)
 Metaspace       used 48481K, committed 48896K, reserved 1097728K
  class space    used 6413K, committed 6592K, reserved 1048576K
}
Event: 3.541 GC heap after
{Heap after GC invocations=11 (full 0):
 garbage-first heap   total 86016K, used 34344K [0x0000000080000000, 0x0000000100000000)
  region size 1024K, 3 young (3072K), 3 survivors (3072K)
 Metaspace       used 48481K, committed 48896K, reserved 1097728K
  class space    used 6413K, committed 6592K, reserved 1048576K
}
Event: 3.887 GC heap before
{Heap before GC invocations=11 (full 0):
 garbage-first heap   total 86016K, used 64040K [0x0000000080000000, 0x0000000100000000)
  region size 1024K, 32 young (32768K), 3 survivors (3072K)
 Metaspace       used 51305K, committed 51712K, reserved 1097728K
  class space    used 6802K, committed 6976K, reserved 1048576K
}
Event: 3.891 GC heap after
{Heap after GC invocations=12 (full 0):
 garbage-first heap   total 86016K, used 36227K [0x0000000080000000, 0x0000000100000000)
  region size 1024K, 4 young (4096K), 4 survivors (4096K)
 Metaspace       used 51305K, committed 51712K, reserved 1097728K
  class space    used 6802K, committed 6976K, reserved 1048576K
}

