# JRE version: OpenJDK Runtime Environment (17.0.6) (build 17.0.6+0-b2043.56-9586694)
# Java VM: OpenJDK 64-Bit Server VM (17.0.6+0-b2043.56-9586694, mixed mode, tiered, compressed oops, compressed class ptrs, g1 gc, windows-amd64)
GC Precious Log:
 CPUs: 12 total, 12 available
 Memory: 8043M
 Large Page Support: Disabled
 NUMA Support: Disabled
 Compressed Oops: Enabled (32-bit)
 Heap Region Size: 1M
 Heap Min Capacity: 8M
 Heap Initial Capacity: 126M
 Heap Max Capacity: 2G
 Pre-touch: Disabled
 Parallel Workers: 10
 Concurrent Workers: 3
 Concurrent Refinement Workers: 10
 Periodic GC: Disabled
Heap:
 garbage-first heap   total 78848K, used 57094K [0x0000000080000000, 0x0000000100000000)
  region size 1024K, 27 young (27648K), 4 survivors (4096K)
 Metaspace       used 51423K, committed 51840K, reserved 1097728K
  class space    used 6818K, committed 7040K, reserved 1048576K
GC Heap History (20 events):
Event: 1.614 GC heap before
{Heap before GC invocations=2 (full 0):
 garbage-first heap   total 129024K, used 52485K [0x0000000080000000, 0x0000000100000000)
  region size 1024K, 42 young (43008K), 4 survivors (4096K)
 Metaspace       used 21234K, committed 21504K, reserved 1073152K
  class space    used 2585K, committed 2752K, reserved 1048576K
}
Event: 1.619 GC heap after
{Heap after GC invocations=3 (full 0):
 garbage-first heap   total 129024K, used 18549K [0x0000000080000000, 0x0000000100000000)
  region size 1024K, 8 young (8192K), 8 survivors (8192K)
 Metaspace       used 21234K, committed 21504K, reserved 1073152K
  class space    used 2585K, committed 2752K, reserved 1048576K
}
Event: 2.045 GC heap before
{Heap before GC invocations=4 (full 0):
 garbage-first heap   total 65536K, used 50032K [0x0000000080000000, 0x0000000100000000)
  region size 1024K, 40 young (40960K), 8 survivors (8192K)
 Metaspace       used 26370K, committed 26624K, reserved 1073152K
  class space    used 3477K, committed 3584K, reserved 1048576K
}
Event: 2.050 GC heap after
{Heap after GC invocations=5 (full 0):
 garbage-first heap   total 65536K, used 20356K [0x0000000080000000, 0x0000000100000000)
  region size 1024K, 6 young (6144K), 6 survivors (6144K)
 Metaspace       used 26370K, committed 26624K, reserved 1073152K
  class space    used 3477K, committed 3584K, reserved 1048576K
}
Event: 2.330 GC heap before
{Heap before GC invocations=5 (full 0):
 garbage-first heap   total 65536K, used 44932K [0x0000000080000000, 0x0000000100000000)
  region size 1024K, 30 young (30720K), 6 survivors (6144K)
 Metaspace       used 30198K, committed 30464K, reserved 1081344K
  class space    used 4102K, committed 4224K, reserved 1048576K
}
Event: 2.335 GC heap after
{Heap after GC invocations=6 (full 0):
 garbage-first heap   total 65536K, used 22044K [0x0000000080000000, 0x0000000100000000)
  region size 1024K, 4 young (4096K), 4 survivors (4096K)
 Metaspace       used 30198K, committed 30464K, reserved 1081344K
  class space    used 4102K, committed 4224K, reserved 1048576K
}
Event: 2.633 GC heap before
{Heap before GC invocations=6 (full 0):
 garbage-first heap   total 65536K, used 46620K [0x0000000080000000, 0x0000000100000000)
  region size 1024K, 28 young (28672K), 4 survivors (4096K)
 Metaspace       used 34311K, committed 34688K, reserved 1081344K
  class space    used 4740K, committed 4928K, reserved 1048576K
}
Event: 2.636 GC heap after
{Heap after GC invocations=7 (full 0):
 garbage-first heap   total 65536K, used 23223K [0x0000000080000000, 0x0000000100000000)
  region size 1024K, 3 young (3072K), 3 survivors (3072K)
 Metaspace       used 34311K, committed 34688K, reserved 1081344K
  class space    used 4740K, committed 4928K, reserved 1048576K
}
Event: 2.728 GC heap before
{Heap before GC invocations=7 (full 0):
 garbage-first heap   total 65536K, used 28343K [0x0000000080000000, 0x0000000100000000)
  region size 1024K, 9 young (9216K), 3 survivors (3072K)
 Metaspace       used 35615K, committed 35968K, reserved 1081344K
  class space    used 4879K, committed 5056K, reserved 1048576K
}
Event: 2.730 GC heap after
{Heap after GC invocations=8 (full 0):
 garbage-first heap   total 65536K, used 24100K [0x0000000080000000, 0x0000000100000000)
  region size 1024K, 3 young (3072K), 3 survivors (3072K)
 Metaspace       used 35615K, committed 35968K, reserved 1081344K
  class space    used 4879K, committed 5056K, reserved 1048576K
}
Event: 3.005 GC heap before
{Heap before GC invocations=9 (full 0):
 garbage-first heap   total 65536K, used 46628K [0x0000000080000000, 0x0000000100000000)
  region size 1024K, 26 young (26624K), 3 survivors (3072K)
 Metaspace       used 40375K, committed 40704K, reserved 1089536K
  class space    used 5359K, committed 5504K, reserved 1048576K
}
Event: 3.009 GC heap after
{Heap after GC invocations=10 (full 0):
 garbage-first heap   total 65536K, used 28120K [0x0000000080000000, 0x0000000100000000)
  region size 1024K, 4 young (4096K), 4 survivors (4096K)
 Metaspace       used 40375K, committed 40704K, reserved 1089536K
  class space    used 5359K, committed 5504K, reserved 1048576K
}
Event: 3.011 GC heap before
{Heap before GC invocations=10 (full 0):
 garbage-first heap   total 65536K, used 29144K [0x0000000080000000, 0x0000000100000000)
  region size 1024K, 5 young (5120K), 4 survivors (4096K)
 Metaspace       used 40376K, committed 40704K, reserved 1089536K
  class space    used 5359K, committed 5504K, reserved 1048576K
}
Event: 3.014 GC heap after
{Heap after GC invocations=11 (full 0):
 garbage-first heap   total 78848K, used 28296K [0x0000000080000000, 0x0000000100000000)
  region size 1024K, 1 young (1024K), 1 survivors (1024K)
 Metaspace       used 40376K, committed 40704K, reserved 1089536K
  class space    used 5359K, committed 5504K, reserved 1048576K
}
Event: 3.275 GC heap before
{Heap before GC invocations=11 (full 0):
 garbage-first heap   total 78848K, used 62088K [0x0000000080000000, 0x0000000100000000)
  region size 1024K, 31 young (31744K), 1 survivors (1024K)
 Metaspace       used 42723K, committed 43072K, reserved 1089536K
  class space    used 5605K, committed 5760K, reserved 1048576K
}
Event: 3.278 GC heap after
{Heap after GC invocations=12 (full 0):
 garbage-first heap   total 78848K, used 31322K [0x0000000080000000, 0x0000000100000000)
  region size 1024K, 4 young (4096K), 4 survivors (4096K)
 Metaspace       used 42723K, committed 43072K, reserved 1089536K
  class space    used 5605K, committed 5760K, reserved 1048576K
}
Event: 3.619 GC heap before
{Heap before GC invocations=12 (full 0):
 garbage-first heap   total 78848K, used 59994K [0x0000000080000000, 0x0000000100000000)
  region size 1024K, 31 young (31744K), 4 survivors (4096K)
 Metaspace       used 46844K, committed 47232K, reserved 1097728K
  class space    used 6134K, committed 6336K, reserved 1048576K
}
Event: 3.622 GC heap after
{Heap after GC invocations=13 (full 0):
 garbage-first heap   total 78848K, used 33619K [0x0000000080000000, 0x0000000100000000)
  region size 1024K, 3 young (3072K), 3 survivors (3072K)
 Metaspace       used 46844K, committed 47232K, reserved 1097728K
  class space    used 6134K, committed 6336K, reserved 1048576K
}
Event: 3.901 GC heap before
{Heap before GC invocations=13 (full 0):
 garbage-first heap   total 78848K, used 60243K [0x0000000080000000, 0x0000000100000000)
  region size 1024K, 29 young (29696K), 3 survivors (3072K)
 Metaspace       used 50240K, committed 50624K, reserved 1097728K
  class space    used 6666K, committed 6848K, reserved 1048576K
}
Event: 3.903 GC heap after
{Heap after GC invocations=14 (full 0):
 garbage-first heap   total 78848K, used 34566K [0x0000000080000000, 0x0000000100000000)
  region size 1024K, 4 young (4096K), 4 survivors (4096K)
 Metaspace       used 50240K, committed 50624K, reserved 1097728K
  class space    used 6666K, committed 6848K, reserved 1048576K
}

