# JRE version: OpenJDK Runtime Environment (17.0.6) (build 17.0.6+0-b2043.56-9586694)
# Java VM: OpenJDK 64-Bit Server VM (17.0.6+0-b2043.56-9586694, mixed mode, tiered, compressed oops, compressed class ptrs, g1 gc, windows-amd64)
GC Precious Log:
 CPUs: 12 total, 12 available
 Memory: 8043M
 Large Page Support: Disabled
 NUMA Support: Disabled
 Compressed Oops: Enabled (32-bit)
 Heap Region Size: 1M
 Heap Min Capacity: 8M
 Heap Initial Capacity: 126M
 Heap Max Capacity: 2G
 Pre-touch: Disabled
 Parallel Workers: 10
 Concurrent Workers: 3
 Concurrent Refinement Workers: 10
 Periodic GC: Disabled
Heap:
 garbage-first heap   total 132096K, used 97152K [0x0000000080000000, 0x0000000100000000)
  region size 1024K, 31 young (31744K), 6 survivors (6144K)
 Metaspace       used 84117K, committed 84800K, reserved 1122304K
  class space    used 11641K, committed 11968K, reserved 1048576K
GC Heap History (20 events):
Event: 5.414 GC heap before
{Heap before GC invocations=21 (full 0):
 garbage-first heap   total 102400K, used 53637K [0x0000000080000000, 0x0000000100000000)
  region size 1024K, 5 young (5120K), 2 survivors (2048K)
 Metaspace       used 64265K, committed 64768K, reserved 1105920K
  class space    used 8494K, committed 8704K, reserved 1048576K
}
Event: 5.416 GC heap after
{Heap after GC invocations=22 (full 0):
 garbage-first heap   total 102400K, used 50652K [0x0000000080000000, 0x0000000100000000)
  region size 1024K, 1 young (1024K), 1 survivors (1024K)
 Metaspace       used 64265K, committed 64768K, reserved 1105920K
  class space    used 8494K, committed 8704K, reserved 1048576K
}
Event: 5.632 GC heap before
{Heap before GC invocations=22 (full 0):
 garbage-first heap   total 102400K, used 75228K [0x0000000080000000, 0x0000000100000000)
  region size 1024K, 25 young (25600K), 1 survivors (1024K)
 Metaspace       used 66209K, committed 66816K, reserved 1114112K
  class space    used 8739K, committed 9024K, reserved 1048576K
}
Event: 5.634 GC heap after
{Heap after GC invocations=23 (full 0):
 garbage-first heap   total 102400K, used 52522K [0x0000000080000000, 0x0000000100000000)
  region size 1024K, 3 young (3072K), 3 survivors (3072K)
 Metaspace       used 66209K, committed 66816K, reserved 1114112K
  class space    used 8739K, committed 9024K, reserved 1048576K
}
Event: 5.687 GC heap before
{Heap before GC invocations=24 (full 0):
 garbage-first heap   total 102400K, used 55594K [0x0000000080000000, 0x0000000100000000)
  region size 1024K, 7 young (7168K), 3 survivors (3072K)
 Metaspace       used 66542K, committed 67072K, reserved 1114112K
  class space    used 8766K, committed 9024K, reserved 1048576K
}
Event: 5.690 GC heap after
{Heap after GC invocations=25 (full 0):
 garbage-first heap   total 102400K, used 53219K [0x0000000080000000, 0x0000000100000000)
  region size 1024K, 3 young (3072K), 3 survivors (3072K)
 Metaspace       used 66542K, committed 67072K, reserved 1114112K
  class space    used 8766K, committed 9024K, reserved 1048576K
}
Event: 5.917 GC heap before
{Heap before GC invocations=26 (full 0):
 garbage-first heap   total 102400K, used 78819K [0x0000000080000000, 0x0000000100000000)
  region size 1024K, 28 young (28672K), 3 survivors (3072K)
 Metaspace       used 67467K, committed 68032K, reserved 1114112K
  class space    used 8914K, committed 9152K, reserved 1048576K
}
Event: 5.921 GC heap after
{Heap after GC invocations=27 (full 0):
 garbage-first heap   total 102400K, used 54662K [0x0000000080000000, 0x0000000100000000)
  region size 1024K, 3 young (3072K), 3 survivors (3072K)
 Metaspace       used 67467K, committed 68032K, reserved 1114112K
  class space    used 8914K, committed 9152K, reserved 1048576K
}
Event: 6.096 GC heap before
{Heap before GC invocations=27 (full 0):
 garbage-first heap   total 102400K, used 78214K [0x0000000080000000, 0x0000000100000000)
  region size 1024K, 27 young (27648K), 3 survivors (3072K)
 Metaspace       used 68532K, committed 69120K, reserved 1114112K
  class space    used 9055K, committed 9344K, reserved 1048576K
}
Event: 6.099 GC heap after
{Heap after GC invocations=28 (full 0):
 garbage-first heap   total 132096K, used 56775K [0x0000000080000000, 0x0000000100000000)
  region size 1024K, 4 young (4096K), 4 survivors (4096K)
 Metaspace       used 68532K, committed 69120K, reserved 1114112K
  class space    used 9055K, committed 9344K, reserved 1048576K
}
Event: 6.660 GC heap before
{Heap before GC invocations=29 (full 0):
 garbage-first heap   total 132096K, used 100807K [0x0000000080000000, 0x0000000100000000)
  region size 1024K, 47 young (48128K), 4 survivors (4096K)
 Metaspace       used 73546K, committed 74112K, reserved 1114112K
  class space    used 9965K, committed 10240K, reserved 1048576K
}
Event: 6.664 GC heap after
{Heap after GC invocations=30 (full 0):
 garbage-first heap   total 132096K, used 59580K [0x0000000080000000, 0x0000000100000000)
  region size 1024K, 5 young (5120K), 5 survivors (5120K)
 Metaspace       used 73546K, committed 74112K, reserved 1114112K
  class space    used 9965K, committed 10240K, reserved 1048576K
}
Event: 6.678 GC heap before
{Heap before GC invocations=30 (full 0):
 garbage-first heap   total 132096K, used 60604K [0x0000000080000000, 0x0000000100000000)
  region size 1024K, 6 young (6144K), 5 survivors (5120K)
 Metaspace       used 73631K, committed 74240K, reserved 1114112K
  class space    used 9976K, committed 10240K, reserved 1048576K
}
Event: 6.682 GC heap after
{Heap after GC invocations=31 (full 0):
 garbage-first heap   total 132096K, used 59758K [0x0000000080000000, 0x0000000100000000)
  region size 1024K, 1 young (1024K), 1 survivors (1024K)
 Metaspace       used 73631K, committed 74240K, reserved 1114112K
  class space    used 9976K, committed 10240K, reserved 1048576K
}
Event: 7.216 GC heap before
{Heap before GC invocations=31 (full 0):
 garbage-first heap   total 132096K, used 103790K [0x0000000080000000, 0x0000000100000000)
  region size 1024K, 44 young (45056K), 1 survivors (1024K)
 Metaspace       used 78335K, committed 78912K, reserved 1122304K
  class space    used 10704K, committed 10944K, reserved 1048576K
}
Event: 7.220 GC heap after
{Heap after GC invocations=32 (full 0):
 garbage-first heap   total 132096K, used 62110K [0x0000000080000000, 0x0000000100000000)
  region size 1024K, 4 young (4096K), 4 survivors (4096K)
 Metaspace       used 78335K, committed 78912K, reserved 1122304K
  class space    used 10704K, committed 10944K, reserved 1048576K
}
Event: 7.642 GC heap before
{Heap before GC invocations=32 (full 0):
 garbage-first heap   total 132096K, used 104094K [0x0000000080000000, 0x0000000100000000)
  region size 1024K, 45 young (46080K), 4 survivors (4096K)
 Metaspace       used 81530K, committed 82112K, reserved 1122304K
  class space    used 11110K, committed 11392K, reserved 1048576K
}
Event: 7.647 GC heap after
{Heap after GC invocations=33 (full 0):
 garbage-first heap   total 132096K, used 67056K [0x0000000080000000, 0x0000000100000000)
  region size 1024K, 5 young (5120K), 5 survivors (5120K)
 Metaspace       used 81530K, committed 82112K, reserved 1122304K
  class space    used 11110K, committed 11392K, reserved 1048576K
}
Event: 7.922 GC heap before
{Heap before GC invocations=33 (full 0):
 garbage-first heap   total 132096K, used 104944K [0x0000000080000000, 0x0000000100000000)
  region size 1024K, 43 young (44032K), 5 survivors (5120K)
 Metaspace       used 82929K, committed 83584K, reserved 1122304K
  class space    used 11405K, committed 11712K, reserved 1048576K
}
Event: 7.927 GC heap after
{Heap after GC invocations=34 (full 0):
 garbage-first heap   total 132096K, used 72576K [0x0000000080000000, 0x0000000100000000)
  region size 1024K, 6 young (6144K), 6 survivors (6144K)
 Metaspace       used 82929K, committed 83584K, reserved 1122304K
  class space    used 11405K, committed 11712K, reserved 1048576K
}

