# JRE version: OpenJDK Runtime Environment (17.0.6) (build 17.0.6+0-b2043.56-9586694)
# Java VM: OpenJDK 64-Bit Server VM (17.0.6+0-b2043.56-9586694, mixed mode, tiered, compressed oops, compressed class ptrs, g1 gc, windows-amd64)
GC Precious Log:
 CPUs: 12 total, 12 available
 Memory: 8043M
 Large Page Support: Disabled
 NUMA Support: Disabled
 Compressed Oops: Enabled (32-bit)
 Heap Region Size: 1M
 Heap Min Capacity: 8M
 Heap Initial Capacity: 126M
 Heap Max Capacity: 2G
 Pre-touch: Disabled
 Parallel Workers: 10
 Concurrent Workers: 3
 Concurrent Refinement Workers: 10
 Periodic GC: Disabled
Heap:
 garbage-first heap   total 82944K, used 51289K [0x0000000080000000, 0x0000000100000000)
  region size 1024K, 19 young (19456K), 3 survivors (3072K)
 Metaspace       used 51827K, committed 52288K, reserved 1097728K
  class space    used 6893K, committed 7104K, reserved 1048576K
GC Heap History (20 events):
Event: 0.967 GC heap before
{Heap before GC invocations=1 (full 0):
 garbage-first heap   total 129024K, used 40987K [0x0000000080000000, 0x0000000100000000)
  region size 1024K, 32 young (32768K), 3 survivors (3072K)
 Metaspace       used 11224K, committed 11456K, reserved 1064960K
  class space    used 1166K, committed 1280K, reserved 1048576K
}
Event: 0.972 GC heap after
{Heap after GC invocations=2 (full 0):
 garbage-first heap   total 129024K, used 15025K [0x0000000080000000, 0x0000000100000000)
  region size 1024K, 4 young (4096K), 4 survivors (4096K)
 Metaspace       used 11224K, committed 11456K, reserved 1064960K
  class space    used 1166K, committed 1280K, reserved 1048576K
}
Event: 1.727 GC heap before
{Heap before GC invocations=2 (full 0):
 garbage-first heap   total 129024K, used 51889K [0x0000000080000000, 0x0000000100000000)
  region size 1024K, 41 young (41984K), 4 survivors (4096K)
 Metaspace       used 21222K, committed 21504K, reserved 1073152K
  class space    used 2577K, committed 2752K, reserved 1048576K
}
Event: 1.732 GC heap after
{Heap after GC invocations=3 (full 0):
 garbage-first heap   total 129024K, used 18912K [0x0000000080000000, 0x0000000100000000)
  region size 1024K, 8 young (8192K), 8 survivors (8192K)
 Metaspace       used 21222K, committed 21504K, reserved 1073152K
  class space    used 2577K, committed 2752K, reserved 1048576K
}
Event: 2.169 GC heap before
{Heap before GC invocations=4 (full 0):
 garbage-first heap   total 68608K, used 51680K [0x0000000080000000, 0x0000000100000000)
  region size 1024K, 40 young (40960K), 8 survivors (8192K)
 Metaspace       used 26327K, committed 26624K, reserved 1073152K
  class space    used 3467K, committed 3584K, reserved 1048576K
}
Event: 2.175 GC heap after
{Heap after GC invocations=5 (full 0):
 garbage-first heap   total 68608K, used 20977K [0x0000000080000000, 0x0000000100000000)
  region size 1024K, 3 young (3072K), 3 survivors (3072K)
 Metaspace       used 26327K, committed 26624K, reserved 1073152K
  class space    used 3467K, committed 3584K, reserved 1048576K
}
Event: 2.492 GC heap before
{Heap before GC invocations=5 (full 0):
 garbage-first heap   total 68608K, used 46577K [0x0000000080000000, 0x0000000100000000)
  region size 1024K, 28 young (28672K), 3 survivors (3072K)
 Metaspace       used 30313K, committed 30592K, reserved 1081344K
  class space    used 4117K, committed 4224K, reserved 1048576K
}
Event: 2.495 GC heap after
{Heap after GC invocations=6 (full 0):
 garbage-first heap   total 68608K, used 22307K [0x0000000080000000, 0x0000000100000000)
  region size 1024K, 4 young (4096K), 4 survivors (4096K)
 Metaspace       used 30313K, committed 30592K, reserved 1081344K
  class space    used 4117K, committed 4224K, reserved 1048576K
}
Event: 2.823 GC heap before
{Heap before GC invocations=6 (full 0):
 garbage-first heap   total 68608K, used 48931K [0x0000000080000000, 0x0000000100000000)
  region size 1024K, 30 young (30720K), 4 survivors (4096K)
 Metaspace       used 34833K, committed 35200K, reserved 1081344K
  class space    used 4830K, committed 4992K, reserved 1048576K
}
Event: 2.827 GC heap after
{Heap after GC invocations=7 (full 0):
 garbage-first heap   total 68608K, used 23885K [0x0000000080000000, 0x0000000100000000)
  region size 1024K, 4 young (4096K), 4 survivors (4096K)
 Metaspace       used 34833K, committed 35200K, reserved 1081344K
  class space    used 4830K, committed 4992K, reserved 1048576K
}
Event: 2.871 GC heap before
{Heap before GC invocations=7 (full 0):
 garbage-first heap   total 68608K, used 25933K [0x0000000080000000, 0x0000000100000000)
  region size 1024K, 8 young (8192K), 4 survivors (4096K)
 Metaspace       used 35613K, committed 35968K, reserved 1081344K
  class space    used 4877K, committed 5056K, reserved 1048576K
}
Event: 2.874 GC heap after
{Heap after GC invocations=8 (full 0):
 garbage-first heap   total 68608K, used 24534K [0x0000000080000000, 0x0000000100000000)
  region size 1024K, 3 young (3072K), 3 survivors (3072K)
 Metaspace       used 35613K, committed 35968K, reserved 1081344K
  class space    used 4877K, committed 5056K, reserved 1048576K
}
Event: 3.172 GC heap before
{Heap before GC invocations=9 (full 0):
 garbage-first heap   total 68608K, used 49110K [0x0000000080000000, 0x0000000100000000)
  region size 1024K, 28 young (28672K), 3 survivors (3072K)
 Metaspace       used 40368K, committed 40704K, reserved 1089536K
  class space    used 5356K, committed 5504K, reserved 1048576K
}
Event: 3.175 GC heap after
{Heap after GC invocations=10 (full 0):
 garbage-first heap   total 82944K, used 28809K [0x0000000080000000, 0x0000000100000000)
  region size 1024K, 4 young (4096K), 4 survivors (4096K)
 Metaspace       used 40368K, committed 40704K, reserved 1089536K
  class space    used 5356K, committed 5504K, reserved 1048576K
}
Event: 3.458 GC heap before
{Heap before GC invocations=10 (full 0):
 garbage-first heap   total 82944K, used 64649K [0x0000000080000000, 0x0000000100000000)
  region size 1024K, 36 young (36864K), 4 survivors (4096K)
 Metaspace       used 42934K, committed 43264K, reserved 1089536K
  class space    used 5635K, committed 5760K, reserved 1048576K
}
Event: 3.462 GC heap after
{Heap after GC invocations=11 (full 0):
 garbage-first heap   total 82944K, used 31502K [0x0000000080000000, 0x0000000100000000)
  region size 1024K, 4 young (4096K), 4 survivors (4096K)
 Metaspace       used 42934K, committed 43264K, reserved 1089536K
  class space    used 5635K, committed 5760K, reserved 1048576K
}
Event: 3.851 GC heap before
{Heap before GC invocations=11 (full 0):
 garbage-first heap   total 82944K, used 63246K [0x0000000080000000, 0x0000000100000000)
  region size 1024K, 34 young (34816K), 4 survivors (4096K)
 Metaspace       used 47543K, committed 48000K, reserved 1097728K
  class space    used 6254K, committed 6464K, reserved 1048576K
}
Event: 3.855 GC heap after
{Heap after GC invocations=12 (full 0):
 garbage-first heap   total 82944K, used 33857K [0x0000000080000000, 0x0000000100000000)
  region size 1024K, 3 young (3072K), 3 survivors (3072K)
 Metaspace       used 47543K, committed 48000K, reserved 1097728K
  class space    used 6254K, committed 6464K, reserved 1048576K
}
Event: 4.220 GC heap before
{Heap before GC invocations=12 (full 0):
 garbage-first heap   total 82944K, used 63553K [0x0000000080000000, 0x0000000100000000)
  region size 1024K, 32 young (32768K), 3 survivors (3072K)
 Metaspace       used 50934K, committed 51328K, reserved 1097728K
  class space    used 6748K, committed 6912K, reserved 1048576K
}
Event: 4.223 GC heap after
{Heap after GC invocations=13 (full 0):
 garbage-first heap   total 82944K, used 35929K [0x0000000080000000, 0x0000000100000000)
  region size 1024K, 3 young (3072K), 3 survivors (3072K)
 Metaspace       used 50934K, committed 51328K, reserved 1097728K
  class space    used 6748K, committed 6912K, reserved 1048576K
}

